<?xml version="1.0" encoding="UTF-8"?>
<!-- Generated by org.testng.reporters.JUnitReportReporter -->
<testsuite hostname="marwa-sw" failures="0" tests="4" name="test.Class3" time="0.017" errors="0" timestamp="2023-05-21T09:09:26 EET" skipped="0">
  <testcase classname="test.Class3" name="Class_03_test_03" time="0.006"/>
  <system-out/>
  <testcase classname="test.Class3" name="Class_03_test_02" time="0.002"/>
  <system-out/>
  <testcase classname="test.Class3" name="Class_03_test_01" time="0.003"/>
  <system-out/>
  <testcase classname="test.Class3" name="Class_03_test_04" time="0.006"/>
  <system-out/>
</testsuite> <!-- test.Class3 -->
