<?xml version="1.0" encoding="UTF-8"?>
<!-- Generated by org.testng.reporters.JUnitReportReporter -->
<testsuite hostname="marwa-sw" failures="0" tests="8" name="test.class1" time="0.010" errors="0" timestamp="2023-05-21T09:09:26 EET" skipped="0">
  <testcase classname="test.class1" name="Class_01_test_03" time="0.003"/>
  <system-out/>
  <testcase classname="test.class1" name="Class_01_test_03" time="0.002"/>
  <system-out/>
  <testcase classname="test.class1" name="Class_01_test_01" time="0.001"/>
  <system-out/>
  <testcase classname="test.class1" name="Class_01_test_04" time="0.002"/>
  <system-out/>
  <testcase classname="test.class1" name="Class_01_test_01" time="0.001"/>
  <system-out/>
  <testcase classname="test.class1" name="Class_01_test_02" time="0.000"/>
  <system-out/>
  <testcase classname="test.class1" name="Class_01_test_04" time="0.000"/>
  <system-out/>
  <testcase classname="test.class1" name="Class_01_test_02" time="0.001"/>
  <system-out/>
</testsuite> <!-- test.class1 -->
