<?xml version="1.0" encoding="UTF-8"?>
<!-- Generated by org.testng.reporters.JUnitReportReporter -->
<testsuite hostname="DESKTOP-FDHEC2G" failures="0" tests="4" name="test.test1" time="0.008" errors="0" timestamp="2023-04-06T09:33:05 EET" skipped="0">
  <testcase classname="test.test1" name="test4" time="0.000"/>
  <system-out/>
  <testcase classname="test.test1" name="test2" time="0.000"/>
  <system-out/>
  <testcase classname="test.test1" name="test3" time="0.001"/>
  <system-out/>
  <testcase classname="test.test1" name="test1" time="0.007"/>
  <system-out/>
</testsuite> <!-- test.test1 -->
