<?xml version="1.0" encoding="UTF-8"?>
<!-- Generated by org.testng.reporters.JUnitReportReporter -->
<testsuite hostname="marwa-sw" failures="0" tests="1" name="test.Login" time="0.000" errors="0" timestamp="2023-05-21T09:09:26 EET" skipped="0">
  <testcase classname="test.Login" name="user_logged" time="0.000"/>
  <system-out/>
</testsuite> <!-- test.Login -->
