<?xml version="1.0" encoding="UTF-8"?>
<!-- Generated by org.testng.reporters.JUnitReportReporter -->
<testsuite hostname="marwa-sw" failures="0" tests="4" name="test.Class2" time="0.015" errors="0" timestamp="2023-05-21T09:09:26 EET" skipped="0">
  <testcase classname="test.Class2" name="Class_02_test_01" time="0.003"/>
  <system-out/>
  <testcase classname="test.Class2" name="Class_02_test_03" time="0.005"/>
  <system-out/>
  <testcase classname="test.Class2" name="Class_02_test_02" time="0.003"/>
  <system-out/>
  <testcase classname="test.Class2" name="Class_02_test_04" time="0.004"/>
  <system-out/>
</testsuite> <!-- test.Class2 -->
