<?xml version="1.0" encoding="UTF-8"?>
<!-- Generated by org.testng.reporters.JUnitReportReporter -->
<testsuite hostname="DESKTOP-FDHEC2G" failures="0" tests="4" name="test.Class2" time="0.002" errors="0" timestamp="2023-04-16T12:29:43 EET" skipped="0">
  <testcase classname="test.Class2" name="Class2test3" time="0.001"/>
  <system-out/>
  <testcase classname="test.Class2" name="Class2test4" time="0.000"/>
  <system-out/>
  <testcase classname="test.Class2" name="Class2test1" time="0.001"/>
  <system-out/>
  <testcase classname="test.Class2" name="Class2test2" time="0.000"/>
  <system-out/>
</testsuite> <!-- test.Class2 -->
