<?xml version="1.0" encoding="UTF-8"?>
<!-- Generated by org.testng.reporters.JUnitReportReporter -->
<testsuite hostname="DESKTOP-FDHEC2G" failures="0" tests="4" name="test.Class3" time="0.008" errors="0" timestamp="2023-04-11T12:16:16 EET" skipped="0">
  <testcase classname="test.Class3" name="Class3test1" time="0.002"/>
  <system-out/>
  <testcase classname="test.Class3" name="Class3test4" time="0.002"/>
  <system-out/>
  <testcase classname="test.Class3" name="Class3test2" time="0.002"/>
  <system-out/>
  <testcase classname="test.Class3" name="Class3est3" time="0.002"/>
  <system-out/>
</testsuite> <!-- test.Class3 -->
